build/app/intermediates/manifest_merge_blame_file/debug/manifest-merger-blame-debug-report.txt
1<?xml version="1.0" encoding="utf-8"?>
2<manifest xmlns:android="http://schemas.android.com/apk/res/android"
3    package="com.example.honey_dew"
4    android:versionCode="1"
5    android:versionName="1.0.0" >
6
7    <uses-sdk
8        android:minSdkVersion="30"
9        android:targetSdkVersion="30" />
10    <!--
11         Flutter needs it to communicate with the running application
12         to allow setting breakpoints, to provide hot reload, etc.
13    -->
14    <uses-permission android:name="android.permission.INTERNET" />
14-->src\main\AndroidManifest.xml:5:5-66
14-->src\main\AndroidManifest.xml:5:22-64
15    <uses-permission android:name="android.permission.READ_EXTERNAL_STORAGE" />
15-->src\main\AndroidManifest.xml:3:5-79
15-->src\main\AndroidManifest.xml:3:22-77
16    <uses-permission android:name="android.permission.WRITE_EXTERNAL_STORAGE" />
16-->src\main\AndroidManifest.xml:4:5-80
16-->src\main\AndroidManifest.xml:4:22-78
17    <uses-permission android:name="android.permission.USE_FULL_SCREEN_INTENT" />
17-->src\main\AndroidManifest.xml:6:5-81
17-->src\main\AndroidManifest.xml:6:22-78
18    <uses-permission android:name="android.permission.CAMERA" />
18-->src\main\AndroidManifest.xml:7:5-65
18-->src\main\AndroidManifest.xml:7:22-62
19
20    <uses-feature android:name="android.hardware.camera" />
20-->src\main\AndroidManifest.xml:8:5-60
20-->src\main\AndroidManifest.xml:8:19-57
21    <uses-feature android:name="android.hardware.camera.autofocus" />
21-->src\main\AndroidManifest.xml:9:5-70
21-->src\main\AndroidManifest.xml:9:19-67
22    <uses-feature android:name="android.hardware.camera.flash" />
22-->src\main\AndroidManifest.xml:10:5-66
22-->src\main\AndroidManifest.xml:10:19-63
23
24    <uses-permission android:name="android.permission.FLASHLIGHT" />
24-->[:flutter_qr_reader] AndroidManifest.xml:7:5-69
24-->[:flutter_qr_reader] AndroidManifest.xml:7:22-66
25
26    <queries>
26-->[:file_picker] AndroidManifest.xml:9:5-15:15
27        <intent>
27-->[:file_picker] AndroidManifest.xml:10:9-14:18
28            <action android:name="android.intent.action.GET_CONTENT" />
28-->[:file_picker] AndroidManifest.xml:11:13-72
28-->[:file_picker] AndroidManifest.xml:11:21-69
29
30            <data android:mimeType="*/*" />
30-->[:file_picker] AndroidManifest.xml:13:13-44
30-->[:file_picker] AndroidManifest.xml:13:19-41
31        </intent>
32    </queries> <!-- suppress DeprecatedClassUsageInspection -->
33    <uses-permission android:name="android.permission.USE_FINGERPRINT" />
33-->[:biometric_storage] AndroidManifest.xml:8:5-74
33-->[:biometric_storage] AndroidManifest.xml:8:22-71
34    <uses-permission android:name="android.permission.USE_BIOMETRIC" />
34-->[:biometric_storage] AndroidManifest.xml:9:5-72
34-->[:biometric_storage] AndroidManifest.xml:9:22-69
35
36    <application
36-->src\main\AndroidManifest.xml:11:4-48:19
37        android:appComponentFactory="androidx.core.app.CoreComponentFactory"
37-->[androidx.core:core:1.6.0] AndroidManifest.xml:24:18-86
38        android:debuggable="true"
39        android:extractNativeLibs="false"
40        android:icon="@mipmap/ic_launcher"
40-->src\main\AndroidManifest.xml:13:9-43
41        android:label="honey_dew" >
41-->src\main\AndroidManifest.xml:12:9-34
42        <activity
42-->src\main\AndroidManifest.xml:14:9-42:20
43            android:name="com.example.honey_dew.MainActivity"
43-->src\main\AndroidManifest.xml:15:13-41
44            android:configChanges="orientation|keyboardHidden|keyboard|screenSize|smallestScreenSize|locale|layoutDirection|fontScale|screenLayout|density|uiMode"
44-->src\main\AndroidManifest.xml:18:13-163
45            android:hardwareAccelerated="true"
45-->src\main\AndroidManifest.xml:19:13-47
46            android:launchMode="singleTop"
46-->src\main\AndroidManifest.xml:16:13-43
47            android:theme="@style/LaunchTheme"
47-->src\main\AndroidManifest.xml:17:13-47
48            android:windowSoftInputMode="adjustResize" >
48-->src\main\AndroidManifest.xml:20:13-55
49
50            <!--
51                 Specifies an Android theme to apply to this Activity as soon as
52                 the Android process has started. This theme is visible to the user
53                 while the Flutter UI initializes. After that, this theme continues
54                 to determine the Window background behind the Flutter UI.
55            -->
56            <meta-data
56-->src\main\AndroidManifest.xml:25:13-28:17
57                android:name="io.flutter.embedding.android.NormalTheme"
57-->src\main\AndroidManifest.xml:26:15-70
58                android:resource="@style/NormalTheme" />
58-->src\main\AndroidManifest.xml:27:15-52
59            <!--
60                 Displays an Android View that continues showing the launch screen
61                 Drawable until Flutter paints its first frame, then this splash
62                 screen fades out. A splash screen is useful to avoid any visual
63                 gap between the end of Android's launch screen and the painting of
64                 Flutter's first frame.
65            -->
66            <meta-data
66-->src\main\AndroidManifest.xml:34:13-37:17
67                android:name="io.flutter.embedding.android.SplashScreenDrawable"
67-->src\main\AndroidManifest.xml:35:15-79
68                android:resource="@drawable/launch_background" />
68-->src\main\AndroidManifest.xml:36:15-61
69
70            <intent-filter>
70-->src\main\AndroidManifest.xml:38:13-41:29
71                <action android:name="android.intent.action.MAIN" />
71-->src\main\AndroidManifest.xml:39:17-68
71-->src\main\AndroidManifest.xml:39:25-66
72
73                <category android:name="android.intent.category.LAUNCHER" />
73-->src\main\AndroidManifest.xml:40:17-76
73-->src\main\AndroidManifest.xml:40:27-74
74            </intent-filter>
75        </activity>
76        <!--
77             Don't delete the meta-data below.
78             This is used by the Flutter tool to generate GeneratedPluginRegistrant.java
79        -->
80        <meta-data
80-->src\main\AndroidManifest.xml:45:9-47:33
81            android:name="flutterEmbedding"
81-->src\main\AndroidManifest.xml:46:13-44
82            android:value="2" />
82-->src\main\AndroidManifest.xml:47:13-30
83
84        <activity
84-->[:url_launcher_android] AndroidManifest.xml:8:9-11:74
85            android:name="io.flutter.plugins.urllauncher.WebViewActivity"
85-->[:url_launcher_android] AndroidManifest.xml:9:13-74
86            android:exported="false"
86-->[:url_launcher_android] AndroidManifest.xml:10:13-37
87            android:theme="@android:style/Theme.NoTitleBar.Fullscreen" />
87-->[:url_launcher_android] AndroidManifest.xml:11:13-71
88
89        <provider
89-->[:share_plus] AndroidManifest.xml:8:9-16:20
90            android:name="dev.fluttercommunity.plus.share.ShareFileProvider"
90-->[:share_plus] AndroidManifest.xml:9:13-77
91            android:authorities="com.example.honey_dew.flutter.share_provider"
91-->[:share_plus] AndroidManifest.xml:10:13-74
92            android:exported="false"
92-->[:share_plus] AndroidManifest.xml:11:13-37
93            android:grantUriPermissions="true" >
93-->[:share_plus] AndroidManifest.xml:12:13-47
94            <meta-data
94-->[:share_plus] AndroidManifest.xml:13:13-15:68
95                android:name="android.support.FILE_PROVIDER_PATHS"
95-->[:share_plus] AndroidManifest.xml:14:17-67
96                android:resource="@xml/flutter_share_file_paths" />
96-->[:share_plus] AndroidManifest.xml:15:17-65
97        </provider>
98    </application>
99
100</manifest>